<?xml version="1.0" encoding="UTF-8"?>
<testng-results ignored="0" total="1" passed="0" failed="1" skipped="0">
  <reporter-output>
    <line>
      <![CDATA[ ]]>
    </line>
    <line>
      <![CDATA[<B><font color = 'BLUE'>  Test_PrivecyandSecurity  -</font>.]]>
    </line>
    <line>
      <![CDATA[TitlePrivacy and security]]>
    </line>
    <line>
      <![CDATA[div]]>
    </line>
    <line>
      <![CDATA[<br><img src='C:\Users\GLB-BLR-015\Desktop\Mahantesh\eclipse-workspace\PowerDAO\screenshots\verify_PrivecyandSecurity20230616_173734.png  'height ='250' width='250' /><br>]]>
    </line>
    <line>
      <![CDATA[<a href=\C:\Users\GLB-BLR-015\Desktop\Mahantesh\eclipse-workspace\PowerDAO\screenshots\verify_PrivecyandSecurity20230616_173734.png><img src=C:\Users\GLB-BLR-015\Desktop\Mahantesh\eclipse-workspace\PowerDAO\screenshots\verify_PrivecyandSecurity20230616_173734.png  height ='250'  width='250'/> </a>]]>
    </line>
  </reporter-output>
  <suite started-at="2023-06-16T17:36:57 IST" name="Default suite" finished-at="2023-06-16T17:37:34 IST" duration-ms="36853">
    <groups>
    </groups>
    <test started-at="2023-06-16T17:36:57 IST" name="Default test" finished-at="2023-06-16T17:37:34 IST" duration-ms="36853">
      <class name="com.power.settingstestcases.TC01">
        <test-method is-config="true" signature="beforeSuite()[pri:0, instance:com.power.settingstestcases.TC01@10c2064a]" started-at="2023-06-16T17:36:57 IST" name="beforeSuite" finished-at="2023-06-16T17:36:57 IST" duration-ms="40" status="PASS">
          <reporter-output>
          </reporter-output>
        </test-method> <!-- beforeSuite -->
        <test-method is-config="true" signature="initialization()[pri:0, instance:com.power.settingstestcases.TC01@10c2064a]" started-at="2023-06-16T17:36:57 IST" name="initialization" finished-at="2023-06-16T17:37:04 IST" duration-ms="6940" status="PASS">
          <reporter-output>
          </reporter-output>
        </test-method> <!-- initialization -->
        <test-method signature="verify_PrivecyandSecurity()[pri:0, instance:com.power.settingstestcases.TC01@10c2064a]" started-at="2023-06-16T17:37:04 IST" name="verify_PrivecyandSecurity" finished-at="2023-06-16T17:37:33 IST" duration-ms="29568" status="FAIL">
          <exception class="org.openqa.selenium.JavascriptException">
            <message>
              <![CDATA[javascript error: arguments[0].click is not a function
  (Session info: chrome=114.0.5735.134)
Build info: version: '4.6.0', revision: '79f1c02ae20'
System info: os.name: 'Windows 10', os.arch: 'amd64', os.version: '10.0', java.version: '17.0.7'
Driver info: org.openqa.selenium.chrome.ChromeDriver
Command: [839c24075e14be09ca818b116b287bb8, executeScript {script=arguments[0].click();, args=[{ELEMENT=C0983B4B9793DADD75A106071960E7F5_element_33, element-6066-11e4-a52e-4f735466cecf=C0983B4B9793DADD75A106071960E7F5_element_33}]}]
Capabilities {acceptInsecureCerts: false, browserName: chrome, browserVersion: 114.0.5735.134, chrome: {chromedriverVersion: 114.0.5735.90 (386bc09e8f4f..., userDataDir: C:\Windows\SystemTemp\scope...}, goog:chromeOptions: {debuggerAddress: localhost:61569}, networkConnectionEnabled: false, pageLoadStrategy: normal, platformName: WINDOWS, proxy: Proxy(), se:cdp: ws://localhost:61569/devtoo..., se:cdpVersion: 114.0.5735.134, setWindowRect: true, strictFileInteractability: false, timeouts: {implicit: 0, pageLoad: 300000, script: 30000}, unhandledPromptBehavior: dismiss and notify, webauthn:extension:credBlob: true, webauthn:extension:largeBlob: true, webauthn:extension:minPinLength: true, webauthn:extension:prf: true, webauthn:virtualAuthenticators: true}
Session ID: 839c24075e14be09ca818b116b287bb8]]>
            </message>
            <full-stacktrace>
              <![CDATA[org.openqa.selenium.JavascriptException: javascript error: arguments[0].click is not a function
  (Session info: chrome=114.0.5735.134)
Build info: version: '4.6.0', revision: '79f1c02ae20'
System info: os.name: 'Windows 10', os.arch: 'amd64', os.version: '10.0', java.version: '17.0.7'
Driver info: org.openqa.selenium.chrome.ChromeDriver
Command: [839c24075e14be09ca818b116b287bb8, executeScript {script=arguments[0].click();, args=[{ELEMENT=C0983B4B9793DADD75A106071960E7F5_element_33, element-6066-11e4-a52e-4f735466cecf=C0983B4B9793DADD75A106071960E7F5_element_33}]}]
Capabilities {acceptInsecureCerts: false, browserName: chrome, browserVersion: 114.0.5735.134, chrome: {chromedriverVersion: 114.0.5735.90 (386bc09e8f4f..., userDataDir: C:\Windows\SystemTemp\scope...}, goog:chromeOptions: {debuggerAddress: localhost:61569}, networkConnectionEnabled: false, pageLoadStrategy: normal, platformName: WINDOWS, proxy: Proxy(), se:cdp: ws://localhost:61569/devtoo..., se:cdpVersion: 114.0.5735.134, setWindowRect: true, strictFileInteractability: false, timeouts: {implicit: 0, pageLoad: 300000, script: 30000}, unhandledPromptBehavior: dismiss and notify, webauthn:extension:credBlob: true, webauthn:extension:largeBlob: true, webauthn:extension:minPinLength: true, webauthn:extension:prf: true, webauthn:virtualAuthenticators: true}
Session ID: 839c24075e14be09ca818b116b287bb8
at java.base/jdk.internal.reflect.NativeConstructorAccessorImpl.newInstance0(Native Method)
at java.base/jdk.internal.reflect.NativeConstructorAccessorImpl.newInstance(NativeConstructorAccessorImpl.java:77)
at java.base/jdk.internal.reflect.DelegatingConstructorAccessorImpl.newInstance(DelegatingConstructorAccessorImpl.java:45)
at java.base/java.lang.reflect.Constructor.newInstanceWithCaller(Constructor.java:499)
at java.base/java.lang.reflect.Constructor.newInstance(Constructor.java:480)
at org.openqa.selenium.remote.codec.w3c.W3CHttpResponseCodec.createException(W3CHttpResponseCodec.java:200)
at org.openqa.selenium.remote.codec.w3c.W3CHttpResponseCodec.decode(W3CHttpResponseCodec.java:133)
at org.openqa.selenium.remote.codec.w3c.W3CHttpResponseCodec.decode(W3CHttpResponseCodec.java:53)
at org.openqa.selenium.remote.HttpCommandExecutor.execute(HttpCommandExecutor.java:184)
at org.openqa.selenium.remote.service.DriverCommandExecutor.invokeExecute(DriverCommandExecutor.java:167)
at org.openqa.selenium.remote.service.DriverCommandExecutor.execute(DriverCommandExecutor.java:142)
at org.openqa.selenium.remote.RemoteWebDriver.execute(RemoteWebDriver.java:541)
at org.openqa.selenium.remote.RemoteWebDriver.executeScript(RemoteWebDriver.java:478)
at com.power.qa.settings.PrivecyandSecurity.Test_PrivecyandSecurity(PrivecyandSecurity.java:70)
at com.power.settingstestcases.TC01.verify_PrivecyandSecurity(TC01.java:24)
at java.base/jdk.internal.reflect.NativeMethodAccessorImpl.invoke0(Native Method)
at java.base/jdk.internal.reflect.NativeMethodAccessorImpl.invoke(NativeMethodAccessorImpl.java:77)
at java.base/jdk.internal.reflect.DelegatingMethodAccessorImpl.invoke(DelegatingMethodAccessorImpl.java:43)
at java.base/java.lang.reflect.Method.invoke(Method.java:568)
at org.testng.internal.invokers.MethodInvocationHelper.invokeMethod(MethodInvocationHelper.java:139)
at org.testng.internal.invokers.TestInvoker.invokeMethod(TestInvoker.java:677)
at org.testng.internal.invokers.TestInvoker.invokeTestMethod(TestInvoker.java:221)
at org.testng.internal.invokers.MethodRunner.runInSequence(MethodRunner.java:50)
at org.testng.internal.invokers.TestInvoker$MethodInvocationAgent.invoke(TestInvoker.java:962)
at org.testng.internal.invokers.TestInvoker.invokeTestMethods(TestInvoker.java:194)
at org.testng.internal.invokers.TestMethodWorker.invokeTestMethods(TestMethodWorker.java:148)
at org.testng.internal.invokers.TestMethodWorker.run(TestMethodWorker.java:128)
at java.base/java.util.ArrayList.forEach(ArrayList.java:1511)
at org.testng.TestRunner.privateRun(TestRunner.java:806)
at org.testng.TestRunner.run(TestRunner.java:601)
at org.testng.SuiteRunner.runTest(SuiteRunner.java:433)
at org.testng.SuiteRunner.runSequentially(SuiteRunner.java:427)
at org.testng.SuiteRunner.privateRun(SuiteRunner.java:387)
at org.testng.SuiteRunner.run(SuiteRunner.java:330)
at org.testng.SuiteRunnerWorker.runSuite(SuiteRunnerWorker.java:52)
at org.testng.SuiteRunnerWorker.run(SuiteRunnerWorker.java:95)
at org.testng.TestNG.runSuitesSequentially(TestNG.java:1256)
at org.testng.TestNG.runSuitesLocally(TestNG.java:1176)
at org.testng.TestNG.runSuites(TestNG.java:1099)
at org.testng.TestNG.run(TestNG.java:1067)
at org.testng.remote.AbstractRemoteTestNG.run(AbstractRemoteTestNG.java:115)
at org.testng.remote.RemoteTestNG.initAndRun(RemoteTestNG.java:251)
at org.testng.remote.RemoteTestNG.main(RemoteTestNG.java:77)
]]>
            </full-stacktrace>
          </exception> <!-- org.openqa.selenium.JavascriptException -->
          <reporter-output>
            <line>
              <![CDATA[ ]]>
            </line>
            <line>
              <![CDATA[<B><font color = 'BLUE'>  Test_PrivecyandSecurity  -</font>.]]>
            </line>
            <line>
              <![CDATA[TitlePrivacy and security]]>
            </line>
            <line>
              <![CDATA[div]]>
            </line>
          </reporter-output>
        </test-method> <!-- verify_PrivecyandSecurity -->
        <test-method is-config="true" signature="tearDown(org.testng.ITestResult)[pri:0, instance:com.power.settingstestcases.TC01@10c2064a]" started-at="2023-06-16T17:37:33 IST" name="tearDown" finished-at="2023-06-16T17:37:34 IST" duration-ms="242" status="PASS">
          <params>
            <param index="0">
              <value>
                <![CDATA[[TestResult name=verify_PrivecyandSecurity status=FAILURE method=TC01.verify_PrivecyandSecurity()[pri:0, instance:com.power.settingstestcases.TC01@10c2064a]]]]>
              </value>
            </param>
          </params>
          <reporter-output>
            <line>
              <![CDATA[<br><img src='C:\Users\GLB-BLR-015\Desktop\Mahantesh\eclipse-workspace\PowerDAO\screenshots\verify_PrivecyandSecurity20230616_173734.png  'height ='250' width='250' /><br>]]>
            </line>
            <line>
              <![CDATA[<a href=\C:\Users\GLB-BLR-015\Desktop\Mahantesh\eclipse-workspace\PowerDAO\screenshots\verify_PrivecyandSecurity20230616_173734.png><img src=C:\Users\GLB-BLR-015\Desktop\Mahantesh\eclipse-workspace\PowerDAO\screenshots\verify_PrivecyandSecurity20230616_173734.png  height ='250'  width='250'/> </a>]]>
            </line>
          </reporter-output>
        </test-method> <!-- tearDown -->
        <test-method is-config="true" signature="closeBrowser()[pri:0, instance:com.power.settingstestcases.TC01@10c2064a]" started-at="2023-06-16T17:37:34 IST" name="closeBrowser" finished-at="2023-06-16T17:37:34 IST" duration-ms="361" status="PASS">
          <reporter-output>
          </reporter-output>
        </test-method> <!-- closeBrowser -->
      </class> <!-- com.power.settingstestcases.TC01 -->
    </test> <!-- Default test -->
  </suite> <!-- Default suite -->
</testng-results>
